Determining if the pthread_create exist failed with the following output:
Change Dir: /home/platypuppy/GitHub/GAM-200-250/_game/subsystems/ObjectSerilazation/CMakeFiles/CMakeTmp

Run Build Command:"/usr/bin/make" "cmTC_83b76/fast"
/usr/bin/make -f CMakeFiles/cmTC_83b76.dir/build.make CMakeFiles/cmTC_83b76.dir/build
make[1]: ディレクトリ '/home/platypuppy/GitHub/GAM-200-250/_game/subsystems/ObjectSerilazation/CMakeFiles/CMakeTmp' に入ります
Building C object CMakeFiles/cmTC_83b76.dir/CheckSymbolExists.c.o
/usr/bin/cc    -o CMakeFiles/cmTC_83b76.dir/CheckSymbolExists.c.o   -c /home/platypuppy/GitHub/GAM-200-250/_game/subsystems/ObjectSerilazation/CMakeFiles/CMakeTmp/CheckSymbolExists.c
Linking C executable cmTC_83b76
/usr/bin/cmake -E cmake_link_script CMakeFiles/cmTC_83b76.dir/link.txt --verbose=1
/usr/bin/cc      -rdynamic CMakeFiles/cmTC_83b76.dir/CheckSymbolExists.c.o  -o cmTC_83b76 
CMakeFiles/cmTC_83b76.dir/CheckSymbolExists.c.o: 関数 `main' 内:
CheckSymbolExists.c:(.text+0x1b): `pthread_create' に対する定義されていない参照です
collect2: error: ld returned 1 exit status
CMakeFiles/cmTC_83b76.dir/build.make:97: recipe for target 'cmTC_83b76' failed
make[1]: *** [cmTC_83b76] Error 1
make[1]: ディレクトリ '/home/platypuppy/GitHub/GAM-200-250/_game/subsystems/ObjectSerilazation/CMakeFiles/CMakeTmp' から出ます
Makefile:126: recipe for target 'cmTC_83b76/fast' failed
make: *** [cmTC_83b76/fast] Error 2

File /home/platypuppy/GitHub/GAM-200-250/_game/subsystems/ObjectSerilazation/CMakeFiles/CMakeTmp/CheckSymbolExists.c:
/* */
#include <pthread.h>

int main(int argc, char** argv)
{
  (void)argv;
#ifndef pthread_create
  return ((int*)(&pthread_create))[argc];
#else
  (void)argc;
  return 0;
#endif
}

Determining if the function pthread_create exists in the pthreads failed with the following output:
Change Dir: /home/platypuppy/GitHub/GAM-200-250/_game/subsystems/ObjectSerilazation/CMakeFiles/CMakeTmp

Run Build Command:"/usr/bin/make" "cmTC_0debb/fast"
/usr/bin/make -f CMakeFiles/cmTC_0debb.dir/build.make CMakeFiles/cmTC_0debb.dir/build
make[1]: ディレクトリ '/home/platypuppy/GitHub/GAM-200-250/_game/subsystems/ObjectSerilazation/CMakeFiles/CMakeTmp' に入ります
Building C object CMakeFiles/cmTC_0debb.dir/CheckFunctionExists.c.o
/usr/bin/cc   -DCHECK_FUNCTION_EXISTS=pthread_create   -o CMakeFiles/cmTC_0debb.dir/CheckFunctionExists.c.o   -c /usr/share/cmake-3.10/Modules/CheckFunctionExists.c
Linking C executable cmTC_0debb
/usr/bin/cmake -E cmake_link_script CMakeFiles/cmTC_0debb.dir/link.txt --verbose=1
/usr/bin/cc  -DCHECK_FUNCTION_EXISTS=pthread_create    -rdynamic CMakeFiles/cmTC_0debb.dir/CheckFunctionExists.c.o  -o cmTC_0debb -lpthreads 
/usr/bin/ld: -lpthreads が見つかりません
collect2: error: ld returned 1 exit status
CMakeFiles/cmTC_0debb.dir/build.make:97: recipe for target 'cmTC_0debb' failed
make[1]: *** [cmTC_0debb] Error 1
make[1]: ディレクトリ '/home/platypuppy/GitHub/GAM-200-250/_game/subsystems/ObjectSerilazation/CMakeFiles/CMakeTmp' から出ます
Makefile:126: recipe for target 'cmTC_0debb/fast' failed
make: *** [cmTC_0debb/fast] Error 2


